<?xml version="1.0" encoding="UTF-8"?>
<testng-results ignored="0" total="1" passed="1" failed="0" skipped="0">
  <reporter-output>
  </reporter-output>
  <suite started-at="2024-03-12T11:01:37 IST" name="Default suite" finished-at="2024-03-12T11:01:50 IST" duration-ms="13159">
    <groups>
    </groups>
    <test started-at="2024-03-12T11:01:37 IST" name="Default test" finished-at="2024-03-12T11:01:50 IST" duration-ms="13159">
      <class name="Testcases.LoginTestcase">
        <test-method signature="Login()[pri:0, instance:Testcases.LoginTestcase@729d991e]" started-at="2024-03-12T11:01:37 IST" name="Login" finished-at="2024-03-12T11:01:50 IST" duration-ms="13117" status="PASS">
          <reporter-output>
          </reporter-output>
        </test-method> <!-- Login -->
      </class> <!-- Testcases.LoginTestcase -->
    </test> <!-- Default test -->
  </suite> <!-- Default suite -->
</testng-results>
